app/build/intermediates/manifest_merge_blame_file/release/manifest-merger-blame-release-report.txt
1<?xml version="1.0" encoding="utf-8"?>
2<manifest xmlns:android="http://schemas.android.com/apk/res/android"
3    package="com.example.qrapp"
4    android:versionCode="1"
5    android:versionName="1.0" >
6
7    <uses-sdk
8        android:minSdkVersion="23"
8-->src\main\AndroidManifest.xml
9        android:targetSdkVersion="30" />
9-->src\main\AndroidManifest.xml
10
11    <uses-permission android:name="android.permission.CAMERA" />
11-->src\main\AndroidManifest.xml:5:5-65
11-->src\main\AndroidManifest.xml:5:22-62
12    <uses-permission android:name="android.permission.INTERNET" />
12-->src\main\AndroidManifest.xml:6:5-67
12-->src\main\AndroidManifest.xml:6:22-64
13    <uses-permission android:name="android.permission.CHANGE_NETWORK_STATE" />
13-->src\main\AndroidManifest.xml:7:5-79
13-->src\main\AndroidManifest.xml:7:22-76
14    <uses-permission android:name="android.permission.ACCESS_NETWORK_STATE" />
14-->[com.firebaseui:firebase-ui-auth:4.2.1] AndroidManifest.xml:12:5-79
14-->[com.firebaseui:firebase-ui-auth:4.2.1] AndroidManifest.xml:12:22-76
15    <uses-permission android:name="android.permission.WRITE_EXTERNAL_STORAGE" />
15-->[androidmads.library.qrgenearator:QRGenearator:1.0.4] AndroidManifest.xml:11:5-81
15-->[androidmads.library.qrgenearator:QRGenearator:1.0.4] AndroidManifest.xml:11:22-78
16    <uses-permission android:name="android.permission.READ_EXTERNAL_STORAGE" />
17
18    <uses-feature
18-->[com.google.android.gms:play-services-maps:17.0.0] AndroidManifest.xml:26:5-28:35
19        android:glEsVersion="0x00020000"
19-->[com.google.android.gms:play-services-maps:17.0.0] AndroidManifest.xml:27:9-41
20        android:required="true" />
20-->[com.google.android.gms:play-services-maps:17.0.0] AndroidManifest.xml:28:9-32
21
22    <uses-permission android:name="android.permission.WAKE_LOCK" /> <!-- Required by older versions of Google Play services to create IID tokens -->
22-->[com.google.firebase:firebase-iid:21.0.1] AndroidManifest.xml:24:5-68
22-->[com.google.firebase:firebase-iid:21.0.1] AndroidManifest.xml:24:22-65
23    <uses-permission android:name="com.google.android.c2dm.permission.RECEIVE" />
23-->[com.google.firebase:firebase-iid:21.0.1] AndroidManifest.xml:26:5-82
23-->[com.google.firebase:firebase-iid:21.0.1] AndroidManifest.xml:26:22-79
24    <uses-permission android:name="com.google.android.finsky.permission.BIND_GET_INSTALL_REFERRER_SERVICE" />
24-->[com.google.android.gms:play-services-measurement:18.0.2] AndroidManifest.xml:26:5-110
24-->[com.google.android.gms:play-services-measurement:18.0.2] AndroidManifest.xml:26:22-107
25
26    <application
26-->src\main\AndroidManifest.xml:9:5-28:19
27        android:allowBackup="true"
27-->src\main\AndroidManifest.xml:10:9-35
28        android:appComponentFactory="androidx.core.app.CoreComponentFactory"
28-->[androidx.core:core:1.3.1] AndroidManifest.xml:24:18-86
29        android:extractNativeLibs="false"
30        android:icon="@mipmap/ic_launcher"
30-->src\main\AndroidManifest.xml:11:9-43
31        android:label="@string/app_name"
31-->src\main\AndroidManifest.xml:12:9-41
32        android:roundIcon="@mipmap/ic_launcher_round"
32-->src\main\AndroidManifest.xml:13:9-54
33        android:supportsRtl="true"
33-->src\main\AndroidManifest.xml:14:9-35
34        android:theme="@style/Theme.QRAPP" >
34-->src\main\AndroidManifest.xml:15:9-43
35        <activity android:name="com.example.qrapp.login.LoginActivity" />
35-->src\main\AndroidManifest.xml:16:9-56
35-->src\main\AndroidManifest.xml:16:19-54
36        <activity android:name="com.example.qrapp.MainActivity2" />
36-->src\main\AndroidManifest.xml:17:9-50
36-->src\main\AndroidManifest.xml:17:19-48
37        <activity android:name="com.example.qrapp.splashScreen.SplashScreen" >
37-->src\main\AndroidManifest.xml:19:9-25:20
37-->src\main\AndroidManifest.xml:19:19-60
38            <intent-filter>
38-->src\main\AndroidManifest.xml:20:13-24:29
39                <action android:name="android.intent.action.MAIN" />
39-->src\main\AndroidManifest.xml:21:17-69
39-->src\main\AndroidManifest.xml:21:25-66
40
41                <category android:name="android.intent.category.LAUNCHER" />
41-->src\main\AndroidManifest.xml:23:17-77
41-->src\main\AndroidManifest.xml:23:27-74
42            </intent-filter>
43        </activity>
44        <activity android:name="com.example.qrapp.scanner" />
44-->src\main\AndroidManifest.xml:26:9-45
44-->src\main\AndroidManifest.xml:26:19-42
45        <activity android:name="com.example.qrapp.MainActivity" />
45-->src\main\AndroidManifest.xml:27:9-49
45-->src\main\AndroidManifest.xml:27:19-47
46        <activity
46-->[com.karumi:dexter:6.2.2] AndroidManifest.xml:27:9-29:72
47            android:name="com.karumi.dexter.DexterActivity"
47-->[com.karumi:dexter:6.2.2] AndroidManifest.xml:28:13-60
48            android:theme="@style/Dexter.Internal.Theme.Transparent" />
48-->[com.karumi:dexter:6.2.2] AndroidManifest.xml:29:13-69
49
50        <meta-data
50-->[com.firebaseui:firebase-ui-auth:4.2.1] AndroidManifest.xml:16:9-18:69
51            android:name="com.google.android.gms.version"
51-->[com.firebaseui:firebase-ui-auth:4.2.1] AndroidManifest.xml:17:13-58
52            android:value="@integer/google_play_services_version" />
52-->[com.firebaseui:firebase-ui-auth:4.2.1] AndroidManifest.xml:18:13-66
53        <meta-data
53-->[com.firebaseui:firebase-ui-auth:4.2.1] AndroidManifest.xml:19:9-21:63
54            android:name="com.facebook.sdk.ApplicationId"
54-->[com.firebaseui:firebase-ui-auth:4.2.1] AndroidManifest.xml:20:13-58
55            android:value="@string/facebook_application_id" />
55-->[com.firebaseui:firebase-ui-auth:4.2.1] AndroidManifest.xml:21:13-60
56
57        <activity
57-->[com.firebaseui:firebase-ui-auth:4.2.1] AndroidManifest.xml:23:9-27:61
58            android:name="com.firebase.ui.auth.KickoffActivity"
58-->[com.firebaseui:firebase-ui-auth:4.2.1] AndroidManifest.xml:24:13-64
59            android:exported="false"
59-->[com.firebaseui:firebase-ui-auth:4.2.1] AndroidManifest.xml:25:13-37
60            android:label=""
60-->[com.firebaseui:firebase-ui-auth:4.2.1] AndroidManifest.xml:26:13-29
61            android:theme="@style/FirebaseUI.Transparent" />
61-->[com.firebaseui:firebase-ui-auth:4.2.1] AndroidManifest.xml:27:13-58
62        <activity
62-->[com.firebaseui:firebase-ui-auth:4.2.1] AndroidManifest.xml:28:9-32:61
63            android:name="com.firebase.ui.auth.ui.idp.SingleSignInActivity"
63-->[com.firebaseui:firebase-ui-auth:4.2.1] AndroidManifest.xml:29:13-76
64            android:exported="false"
64-->[com.firebaseui:firebase-ui-auth:4.2.1] AndroidManifest.xml:30:13-37
65            android:label=""
65-->[com.firebaseui:firebase-ui-auth:4.2.1] AndroidManifest.xml:31:13-29
66            android:theme="@style/FirebaseUI.Transparent" />
66-->[com.firebaseui:firebase-ui-auth:4.2.1] AndroidManifest.xml:32:13-58
67        <activity
67-->[com.firebaseui:firebase-ui-auth:4.2.1] AndroidManifest.xml:33:9-37:61
68            android:name="com.firebase.ui.auth.ui.credentials.CredentialSaveActivity"
68-->[com.firebaseui:firebase-ui-auth:4.2.1] AndroidManifest.xml:34:13-86
69            android:exported="false"
69-->[com.firebaseui:firebase-ui-auth:4.2.1] AndroidManifest.xml:35:13-37
70            android:label=""
70-->[com.firebaseui:firebase-ui-auth:4.2.1] AndroidManifest.xml:36:13-29
71            android:theme="@style/FirebaseUI.Transparent" />
71-->[com.firebaseui:firebase-ui-auth:4.2.1] AndroidManifest.xml:37:13-58
72        <activity
72-->[com.firebaseui:firebase-ui-auth:4.2.1] AndroidManifest.xml:38:9-42:58
73            android:name="com.firebase.ui.auth.ui.email.RecoverPasswordActivity"
73-->[com.firebaseui:firebase-ui-auth:4.2.1] AndroidManifest.xml:39:13-81
74            android:exported="false"
74-->[com.firebaseui:firebase-ui-auth:4.2.1] AndroidManifest.xml:40:13-37
75            android:label="@string/fui_title_recover_password_activity"
75-->[com.firebaseui:firebase-ui-auth:4.2.1] AndroidManifest.xml:41:13-72
76            android:windowSoftInputMode="adjustResize" />
76-->[com.firebaseui:firebase-ui-auth:4.2.1] AndroidManifest.xml:42:13-55
77        <activity
77-->[com.firebaseui:firebase-ui-auth:4.2.1] AndroidManifest.xml:43:9-47:58
78            android:name="com.firebase.ui.auth.ui.email.EmailActivity"
78-->[com.firebaseui:firebase-ui-auth:4.2.1] AndroidManifest.xml:44:13-71
79            android:exported="false"
79-->[com.firebaseui:firebase-ui-auth:4.2.1] AndroidManifest.xml:45:13-37
80            android:label="@string/fui_sign_in_default"
80-->[com.firebaseui:firebase-ui-auth:4.2.1] AndroidManifest.xml:46:13-56
81            android:windowSoftInputMode="adjustResize" />
81-->[com.firebaseui:firebase-ui-auth:4.2.1] AndroidManifest.xml:47:13-55
82        <activity
82-->[com.firebaseui:firebase-ui-auth:4.2.1] AndroidManifest.xml:48:9-52:77
83            android:name="com.firebase.ui.auth.ui.phone.PhoneActivity"
83-->[com.firebaseui:firebase-ui-auth:4.2.1] AndroidManifest.xml:49:13-71
84            android:exported="false"
84-->[com.firebaseui:firebase-ui-auth:4.2.1] AndroidManifest.xml:50:13-37
85            android:label="@string/fui_sign_in_with_phone_number"
85-->[com.firebaseui:firebase-ui-auth:4.2.1] AndroidManifest.xml:51:13-66
86            android:windowSoftInputMode="adjustResize|stateAlwaysVisible" />
86-->[com.firebaseui:firebase-ui-auth:4.2.1] AndroidManifest.xml:52:13-74
87        <activity
87-->[com.firebaseui:firebase-ui-auth:4.2.1] AndroidManifest.xml:53:9-57:58
88            android:name="com.firebase.ui.auth.ui.idp.WelcomeBackIdpPrompt"
88-->[com.firebaseui:firebase-ui-auth:4.2.1] AndroidManifest.xml:54:13-76
89            android:exported="false"
89-->[com.firebaseui:firebase-ui-auth:4.2.1] AndroidManifest.xml:55:13-37
90            android:label="@string/fui_title_welcome_back_idp_prompt"
90-->[com.firebaseui:firebase-ui-auth:4.2.1] AndroidManifest.xml:56:13-70
91            android:windowSoftInputMode="adjustResize" />
91-->[com.firebaseui:firebase-ui-auth:4.2.1] AndroidManifest.xml:57:13-55
92        <activity
92-->[com.firebaseui:firebase-ui-auth:4.2.1] AndroidManifest.xml:58:9-62:58
93            android:name="com.firebase.ui.auth.ui.email.WelcomeBackPasswordPrompt"
93-->[com.firebaseui:firebase-ui-auth:4.2.1] AndroidManifest.xml:59:13-83
94            android:exported="false"
94-->[com.firebaseui:firebase-ui-auth:4.2.1] AndroidManifest.xml:60:13-37
95            android:label="@string/fui_title_welcome_back_password_prompt"
95-->[com.firebaseui:firebase-ui-auth:4.2.1] AndroidManifest.xml:61:13-75
96            android:windowSoftInputMode="adjustResize" />
96-->[com.firebaseui:firebase-ui-auth:4.2.1] AndroidManifest.xml:62:13-55
97        <activity
97-->[com.firebaseui:firebase-ui-auth:4.2.1] AndroidManifest.xml:63:9-66:65
98            android:name="com.firebase.ui.auth.ui.idp.AuthMethodPickerActivity"
98-->[com.firebaseui:firebase-ui-auth:4.2.1] AndroidManifest.xml:64:13-80
99            android:exported="false"
99-->[com.firebaseui:firebase-ui-auth:4.2.1] AndroidManifest.xml:65:13-37
100            android:label="@string/fui_default_toolbar_title" />
100-->[com.firebaseui:firebase-ui-auth:4.2.1] AndroidManifest.xml:66:13-62
101        <activity
101-->[com.firebaseui:firebase-ui-auth:4.2.1] AndroidManifest.xml:67:9-71:48
102            android:name="com.facebook.FacebookActivity"
102-->[com.firebaseui:firebase-ui-auth:4.2.1] AndroidManifest.xml:68:13-57
103            android:configChanges="keyboard|keyboardHidden|screenLayout|screenSize|orientation"
103-->[com.firebaseui:firebase-ui-auth:4.2.1] AndroidManifest.xml:69:13-96
104            android:label="@string/app_name" />
104-->[com.firebaseui:firebase-ui-auth:4.2.1] AndroidManifest.xml:70:13-45
105        <activity
105-->[com.firebaseui:firebase-ui-auth:4.2.1] AndroidManifest.xml:72:9-84:20
106            android:name="com.facebook.CustomTabActivity"
106-->[com.firebaseui:firebase-ui-auth:4.2.1] AndroidManifest.xml:73:13-58
107            android:exported="true" >
107-->[com.firebaseui:firebase-ui-auth:4.2.1] AndroidManifest.xml:74:13-36
108            <intent-filter>
108-->[com.firebaseui:firebase-ui-auth:4.2.1] AndroidManifest.xml:76:13-83:29
109                <action android:name="android.intent.action.VIEW" />
109-->[com.firebaseui:firebase-ui-auth:4.2.1] AndroidManifest.xml:77:17-69
109-->[com.firebaseui:firebase-ui-auth:4.2.1] AndroidManifest.xml:77:25-66
110
111                <category android:name="android.intent.category.DEFAULT" />
111-->[com.firebaseui:firebase-ui-auth:4.2.1] AndroidManifest.xml:79:17-76
111-->[com.firebaseui:firebase-ui-auth:4.2.1] AndroidManifest.xml:79:27-73
112                <category android:name="android.intent.category.BROWSABLE" />
112-->[com.firebaseui:firebase-ui-auth:4.2.1] AndroidManifest.xml:80:17-78
112-->[com.firebaseui:firebase-ui-auth:4.2.1] AndroidManifest.xml:80:27-75
113
114                <data android:scheme="@string/facebook_login_protocol_scheme" />
114-->[com.firebaseui:firebase-ui-auth:4.2.1] AndroidManifest.xml:82:17-81
114-->[com.firebaseui:firebase-ui-auth:4.2.1] AndroidManifest.xml:82:23-78
115            </intent-filter>
116        </activity>
117
118        <provider
118-->[com.firebaseui:firebase-ui-auth:4.2.1] AndroidManifest.xml:86:9-90:38
119            android:name="com.firebase.ui.auth.data.client.AuthUiInitProvider"
119-->[com.firebaseui:firebase-ui-auth:4.2.1] AndroidManifest.xml:87:13-79
120            android:authorities="com.example.qrapp.authuiinitprovider"
120-->[com.firebaseui:firebase-ui-auth:4.2.1] AndroidManifest.xml:88:13-70
121            android:exported="false"
121-->[com.firebaseui:firebase-ui-auth:4.2.1] AndroidManifest.xml:89:13-37
122            android:initOrder="90" />
122-->[com.firebaseui:firebase-ui-auth:4.2.1] AndroidManifest.xml:90:13-35
123
124        <activity
124-->[com.firebaseui:firebase-ui-auth-github:4.2.1] AndroidManifest.xml:13:9-33:20
125            android:name="com.firebase.ui.auth.ui.github.GitHubLoginActivity"
125-->[com.firebaseui:firebase-ui-auth-github:4.2.1] AndroidManifest.xml:14:13-78
126            android:configChanges="keyboard|keyboardHidden|screenLayout|screenSize|orientation"
126-->[com.firebaseui:firebase-ui-auth-github:4.2.1] AndroidManifest.xml:15:13-96
127            android:label=""
127-->[com.firebaseui:firebase-ui-auth-github:4.2.1] AndroidManifest.xml:16:13-29
128            android:launchMode="singleTop"
128-->[com.firebaseui:firebase-ui-auth-github:4.2.1] AndroidManifest.xml:17:13-43
129            android:theme="@style/FirebaseUI.Transparent" >
129-->[com.firebaseui:firebase-ui-auth-github:4.2.1] AndroidManifest.xml:18:13-58
130            <intent-filter android:autoVerify="true" >
130-->[com.firebaseui:firebase-ui-auth-github:4.2.1] AndroidManifest.xml:19:13-32:29
130-->[com.firebaseui:firebase-ui-auth-github:4.2.1] AndroidManifest.xml:20:17-42
131                <action android:name="android.intent.action.VIEW" />
131-->[com.firebaseui:firebase-ui-auth:4.2.1] AndroidManifest.xml:77:17-69
131-->[com.firebaseui:firebase-ui-auth:4.2.1] AndroidManifest.xml:77:25-66
132
133                <category android:name="android.intent.category.DEFAULT" />
133-->[com.firebaseui:firebase-ui-auth:4.2.1] AndroidManifest.xml:79:17-76
133-->[com.firebaseui:firebase-ui-auth:4.2.1] AndroidManifest.xml:79:27-73
134                <category android:name="android.intent.category.BROWSABLE" />
134-->[com.firebaseui:firebase-ui-auth:4.2.1] AndroidManifest.xml:80:17-78
134-->[com.firebaseui:firebase-ui-auth:4.2.1] AndroidManifest.xml:80:27-75
135
136                <data
136-->[com.firebaseui:firebase-ui-auth:4.2.1] AndroidManifest.xml:82:17-81
137                    android:host="@string/firebase_web_host"
138                    android:path="/__/auth/handler"
139                    android:scheme="https" />
139-->[com.firebaseui:firebase-ui-auth:4.2.1] AndroidManifest.xml:82:23-78
140            </intent-filter>
141        </activity>
142        <activity
142-->[com.google.firebase:firebase-auth:20.0.3] AndroidManifest.xml:27:9-44:20
143            android:name="com.google.firebase.auth.internal.GenericIdpActivity"
143-->[com.google.firebase:firebase-auth:20.0.3] AndroidManifest.xml:28:13-80
144            android:excludeFromRecents="true"
144-->[com.google.firebase:firebase-auth:20.0.3] AndroidManifest.xml:29:13-46
145            android:exported="true"
145-->[com.google.firebase:firebase-auth:20.0.3] AndroidManifest.xml:30:13-36
146            android:launchMode="singleTask"
146-->[com.google.firebase:firebase-auth:20.0.3] AndroidManifest.xml:31:13-44
147            android:theme="@android:style/Theme.Translucent.NoTitleBar" >
147-->[com.google.firebase:firebase-auth:20.0.3] AndroidManifest.xml:32:13-72
148            <intent-filter>
148-->[com.google.firebase:firebase-auth:20.0.3] AndroidManifest.xml:33:13-43:29
149                <action android:name="android.intent.action.VIEW" />
149-->[com.firebaseui:firebase-ui-auth:4.2.1] AndroidManifest.xml:77:17-69
149-->[com.firebaseui:firebase-ui-auth:4.2.1] AndroidManifest.xml:77:25-66
150
151                <category android:name="android.intent.category.DEFAULT" />
151-->[com.firebaseui:firebase-ui-auth:4.2.1] AndroidManifest.xml:79:17-76
151-->[com.firebaseui:firebase-ui-auth:4.2.1] AndroidManifest.xml:79:27-73
152                <category android:name="android.intent.category.BROWSABLE" />
152-->[com.firebaseui:firebase-ui-auth:4.2.1] AndroidManifest.xml:80:17-78
152-->[com.firebaseui:firebase-ui-auth:4.2.1] AndroidManifest.xml:80:27-75
153
154                <data
154-->[com.firebaseui:firebase-ui-auth:4.2.1] AndroidManifest.xml:82:17-81
155                    android:host="firebase.auth"
156                    android:path="/"
157                    android:scheme="genericidp" />
157-->[com.firebaseui:firebase-ui-auth:4.2.1] AndroidManifest.xml:82:23-78
158            </intent-filter>
159        </activity>
160        <activity
160-->[com.google.firebase:firebase-auth:20.0.3] AndroidManifest.xml:45:9-62:20
161            android:name="com.google.firebase.auth.internal.RecaptchaActivity"
161-->[com.google.firebase:firebase-auth:20.0.3] AndroidManifest.xml:46:13-79
162            android:excludeFromRecents="true"
162-->[com.google.firebase:firebase-auth:20.0.3] AndroidManifest.xml:47:13-46
163            android:exported="true"
163-->[com.google.firebase:firebase-auth:20.0.3] AndroidManifest.xml:48:13-36
164            android:launchMode="singleTask"
164-->[com.google.firebase:firebase-auth:20.0.3] AndroidManifest.xml:49:13-44
165            android:theme="@android:style/Theme.Translucent.NoTitleBar" >
165-->[com.google.firebase:firebase-auth:20.0.3] AndroidManifest.xml:50:13-72
166            <intent-filter>
166-->[com.google.firebase:firebase-auth:20.0.3] AndroidManifest.xml:51:13-61:29
167                <action android:name="android.intent.action.VIEW" />
167-->[com.firebaseui:firebase-ui-auth:4.2.1] AndroidManifest.xml:77:17-69
167-->[com.firebaseui:firebase-ui-auth:4.2.1] AndroidManifest.xml:77:25-66
168
169                <category android:name="android.intent.category.DEFAULT" />
169-->[com.firebaseui:firebase-ui-auth:4.2.1] AndroidManifest.xml:79:17-76
169-->[com.firebaseui:firebase-ui-auth:4.2.1] AndroidManifest.xml:79:27-73
170                <category android:name="android.intent.category.BROWSABLE" />
170-->[com.firebaseui:firebase-ui-auth:4.2.1] AndroidManifest.xml:80:17-78
170-->[com.firebaseui:firebase-ui-auth:4.2.1] AndroidManifest.xml:80:27-75
171
172                <data
172-->[com.firebaseui:firebase-ui-auth:4.2.1] AndroidManifest.xml:82:17-81
173                    android:host="firebase.auth"
174                    android:path="/"
175                    android:scheme="recaptcha" />
175-->[com.firebaseui:firebase-ui-auth:4.2.1] AndroidManifest.xml:82:23-78
176            </intent-filter>
177        </activity>
178
179        <service
179-->[com.google.firebase:firebase-auth:20.0.3] AndroidManifest.xml:64:9-73:19
180            android:name="com.google.firebase.auth.api.fallback.service.FirebaseAuthFallbackService"
180-->[com.google.firebase:firebase-auth:20.0.3] AndroidManifest.xml:65:13-101
181            android:enabled="true"
181-->[com.google.firebase:firebase-auth:20.0.3] AndroidManifest.xml:66:13-35
182            android:exported="false" >
182-->[com.google.firebase:firebase-auth:20.0.3] AndroidManifest.xml:67:13-37
183            <intent-filter>
183-->[com.google.firebase:firebase-auth:20.0.3] AndroidManifest.xml:68:13-72:29
184                <action android:name="com.google.firebase.auth.api.gms.service.START" />
184-->[com.google.firebase:firebase-auth:20.0.3] AndroidManifest.xml:69:17-89
184-->[com.google.firebase:firebase-auth:20.0.3] AndroidManifest.xml:69:25-86
185
186                <category android:name="android.intent.category.DEFAULT" />
186-->[com.firebaseui:firebase-ui-auth:4.2.1] AndroidManifest.xml:79:17-76
186-->[com.firebaseui:firebase-ui-auth:4.2.1] AndroidManifest.xml:79:27-73
187            </intent-filter>
188        </service>
189        <service
189-->[com.google.firebase:firebase-auth:20.0.3] AndroidManifest.xml:74:9-80:19
190            android:name="com.google.firebase.components.ComponentDiscoveryService"
190-->[com.google.firebase:firebase-auth:20.0.3] AndroidManifest.xml:75:13-84
191            android:directBootAware="true"
191-->[com.google.firebase:firebase-common:19.5.0] AndroidManifest.xml:35:13-43
192            android:exported="false" >
192-->[com.google.firebase:firebase-auth:20.0.3] AndroidManifest.xml:76:13-37
193            <meta-data
193-->[com.google.firebase:firebase-auth:20.0.3] AndroidManifest.xml:77:13-79:85
194                android:name="com.google.firebase.components:com.google.firebase.auth.FirebaseAuthRegistrar"
194-->[com.google.firebase:firebase-auth:20.0.3] AndroidManifest.xml:78:17-109
195                android:value="com.google.firebase.components.ComponentRegistrar" />
195-->[com.google.firebase:firebase-auth:20.0.3] AndroidManifest.xml:79:17-82
196            <meta-data
196-->[com.google.firebase:firebase-database:19.7.0] AndroidManifest.xml:32:13-34:85
197                android:name="com.google.firebase.components:com.google.firebase.database.DatabaseRegistrar"
197-->[com.google.firebase:firebase-database:19.7.0] AndroidManifest.xml:33:17-109
198                android:value="com.google.firebase.components.ComponentRegistrar" />
198-->[com.google.firebase:firebase-database:19.7.0] AndroidManifest.xml:34:17-82
199            <meta-data
199-->[com.google.firebase:firebase-storage:19.2.1] AndroidManifest.xml:33:13-35:85
200                android:name="com.google.firebase.components:com.google.firebase.storage.StorageRegistrar"
200-->[com.google.firebase:firebase-storage:19.2.1] AndroidManifest.xml:34:17-107
201                android:value="com.google.firebase.components.ComponentRegistrar" />
201-->[com.google.firebase:firebase-storage:19.2.1] AndroidManifest.xml:35:17-82
202            <meta-data
202-->[com.google.firebase:firebase-messaging:21.0.1] AndroidManifest.xml:39:13-41:85
203                android:name="com.google.firebase.components:com.google.firebase.messaging.FirebaseMessagingRegistrar"
203-->[com.google.firebase:firebase-messaging:21.0.1] AndroidManifest.xml:40:17-119
204                android:value="com.google.firebase.components.ComponentRegistrar" />
204-->[com.google.firebase:firebase-messaging:21.0.1] AndroidManifest.xml:41:17-82
205            <meta-data
205-->[com.google.firebase:firebase-datatransport:17.0.10] AndroidManifest.xml:28:13-30:85
206                android:name="com.google.firebase.components:com.google.firebase.datatransport.TransportRegistrar"
206-->[com.google.firebase:firebase-datatransport:17.0.10] AndroidManifest.xml:29:17-115
207                android:value="com.google.firebase.components.ComponentRegistrar" />
207-->[com.google.firebase:firebase-datatransport:17.0.10] AndroidManifest.xml:30:17-82
208            <meta-data
208-->[com.google.firebase:firebase-iid:21.0.1] AndroidManifest.xml:32:13-34:85
209                android:name="com.google.firebase.components:com.google.firebase.iid.Registrar"
209-->[com.google.firebase:firebase-iid:21.0.1] AndroidManifest.xml:33:17-96
210                android:value="com.google.firebase.components.ComponentRegistrar" />
210-->[com.google.firebase:firebase-iid:21.0.1] AndroidManifest.xml:34:17-82
211            <meta-data
211-->[com.google.android.gms:play-services-measurement-api:18.0.2] AndroidManifest.xml:30:13-32:85
212                android:name="com.google.firebase.components:com.google.firebase.analytics.connector.internal.AnalyticsConnectorRegistrar"
212-->[com.google.android.gms:play-services-measurement-api:18.0.2] AndroidManifest.xml:31:17-139
213                android:value="com.google.firebase.components.ComponentRegistrar" />
213-->[com.google.android.gms:play-services-measurement-api:18.0.2] AndroidManifest.xml:32:17-82
214            <meta-data
214-->[com.google.firebase:firebase-installations:16.3.5] AndroidManifest.xml:18:13-20:85
215                android:name="com.google.firebase.components:com.google.firebase.installations.FirebaseInstallationsRegistrar"
215-->[com.google.firebase:firebase-installations:16.3.5] AndroidManifest.xml:19:17-127
216                android:value="com.google.firebase.components.ComponentRegistrar" />
216-->[com.google.firebase:firebase-installations:16.3.5] AndroidManifest.xml:20:17-82
217            <!--
218                This registrar is not defined in the dynamic-module-support sdk itself to allow non-firebase
219                clients to use it as well, by defining this registrar in their own core/common library.
220            -->
221            <meta-data
221-->[com.google.firebase:firebase-common:19.5.0] AndroidManifest.xml:43:13-45:85
222                android:name="com.google.firebase.components:com.google.firebase.dynamicloading.DynamicLoadingRegistrar"
222-->[com.google.firebase:firebase-common:19.5.0] AndroidManifest.xml:44:17-121
223                android:value="com.google.firebase.components.ComponentRegistrar" />
223-->[com.google.firebase:firebase-common:19.5.0] AndroidManifest.xml:45:17-82
224        </service>
225        <!--
226             FirebaseMessagingService performs security checks at runtime,
227             but set to not exported to explicitly avoid allowing another app to call it.
228        -->
229        <service
229-->[com.google.firebase:firebase-messaging:21.0.1] AndroidManifest.xml:28:9-35:19
230            android:name="com.google.firebase.messaging.FirebaseMessagingService"
230-->[com.google.firebase:firebase-messaging:21.0.1] AndroidManifest.xml:29:13-82
231            android:directBootAware="true"
231-->[com.google.firebase:firebase-messaging:21.0.1] AndroidManifest.xml:30:13-43
232            android:exported="false" >
232-->[com.google.firebase:firebase-messaging:21.0.1] AndroidManifest.xml:31:13-37
233            <intent-filter android:priority="-500" >
233-->[com.google.firebase:firebase-messaging:21.0.1] AndroidManifest.xml:32:13-34:29
233-->[com.google.firebase:firebase-messaging:21.0.1] AndroidManifest.xml:32:28-51
234                <action android:name="com.google.firebase.MESSAGING_EVENT" />
234-->[com.google.firebase:firebase-messaging:21.0.1] AndroidManifest.xml:33:17-78
234-->[com.google.firebase:firebase-messaging:21.0.1] AndroidManifest.xml:33:25-75
235            </intent-filter>
236        </service>
237
238        <provider
238-->[com.squareup.picasso:picasso:2.71828] AndroidManifest.xml:8:9-11:40
239            android:name="com.squareup.picasso.PicassoProvider"
239-->[com.squareup.picasso:picasso:2.71828] AndroidManifest.xml:9:13-64
240            android:authorities="com.example.qrapp.com.squareup.picasso"
240-->[com.squareup.picasso:picasso:2.71828] AndroidManifest.xml:10:13-72
241            android:exported="false" /> <!-- Needs to be explicitly declared on P+ -->
241-->[com.squareup.picasso:picasso:2.71828] AndroidManifest.xml:11:13-37
242        <uses-library
242-->[com.google.android.gms:play-services-maps:17.0.0] AndroidManifest.xml:33:9-35:40
243            android:name="org.apache.http.legacy"
243-->[com.google.android.gms:play-services-maps:17.0.0] AndroidManifest.xml:34:13-50
244            android:required="false" />
244-->[com.google.android.gms:play-services-maps:17.0.0] AndroidManifest.xml:35:13-37
245
246        <service
246-->[com.google.android.datatransport:transport-backend-cct:2.3.3] AndroidManifest.xml:29:9-35:19
247            android:name="com.google.android.datatransport.runtime.backends.TransportBackendDiscovery"
247-->[com.google.android.datatransport:transport-backend-cct:2.3.3] AndroidManifest.xml:30:13-103
248            android:exported="false" >
248-->[com.google.android.datatransport:transport-backend-cct:2.3.3] AndroidManifest.xml:31:13-37
249            <meta-data
249-->[com.google.android.datatransport:transport-backend-cct:2.3.3] AndroidManifest.xml:32:13-34:39
250                android:name="backend:com.google.android.datatransport.cct.CctBackendFactory"
250-->[com.google.android.datatransport:transport-backend-cct:2.3.3] AndroidManifest.xml:33:17-94
251                android:value="cct" />
251-->[com.google.android.datatransport:transport-backend-cct:2.3.3] AndroidManifest.xml:34:17-36
252        </service>
253
254        <receiver
254-->[com.google.firebase:firebase-iid:21.0.1] AndroidManifest.xml:37:9-44:20
255            android:name="com.google.firebase.iid.FirebaseInstanceIdReceiver"
255-->[com.google.firebase:firebase-iid:21.0.1] AndroidManifest.xml:38:13-78
256            android:exported="true"
256-->[com.google.firebase:firebase-iid:21.0.1] AndroidManifest.xml:39:13-36
257            android:permission="com.google.android.c2dm.permission.SEND" >
257-->[com.google.firebase:firebase-iid:21.0.1] AndroidManifest.xml:40:13-73
258            <intent-filter>